{"name": "test_slack_notif", "status": "failed", "statusDetails": {"message": "AssertionError: False is not true", "trace": "self = <test_01.SlackTest testMethod=test_slack_notif>\n\n    def test_slack_notif(self):\n        msg:str = 'this is from slack-test.'\n    \n        slack_01 = SlackNotifier()\n        passed_slack:str = slack_01.notification(msg)\n    \n>       self.assertTrue(passed_slack == msg)\nE       AssertionError: False is not true\n\nunit_tests/test_01.py:28: AssertionError"}, "attachments": [{"name": "stdout", "source": "58940f98-54a3-48ef-bf8f-2a1081e02cc0-attachment.txt", "type": "text/plain"}], "start": 1636695230991, "stop": 1636695231440, "uuid": "32ecc879-25cb-4361-bf16-1889bea48816", "historyId": "def0efb6400ef94f998ea839fa1e3a06", "testCaseId": "54c95930edbb6a8b0e5a17dd18169e1a", "fullName": "unit_tests.test_01.SlackTest#test_slack_notif", "labels": [{"name": "parentSuite", "value": "unit_tests"}, {"name": "suite", "value": "test_01"}, {"name": "subSuite", "value": "SlackTest"}, {"name": "host", "value": "prithoo-techvariable"}, {"name": "thread", "value": "11372-MainThread"}, {"name": "framework", "value": "pytest"}, {"name": "language", "value": "cpython3"}, {"name": "package", "value": "unit_tests.test_01"}]}