{"name": "test_slack_notif", "status": "failed", "statusDetails": {"message": "AssertionError: False is not true", "trace": "self = <test_01.SlackTest testMethod=test_slack_notif>\n\n    def test_slack_notif(self):\n        msg:str = 'this is from slack-test.'\n    \n        slack_01 = SlackNotifier()\n        passed_slack:str = slack_01.notification(msg)\n    \n>       self.assertTrue(passed_slack == msg)\nE       AssertionError: False is not true\n\nunit_tests/test_01.py:28: AssertionError"}, "attachments": [{"name": "stdout", "source": "f60da3f4-4a2f-48a2-89e0-b15cbd63e369-attachment.txt", "type": "text/plain"}], "start": 1636633115936, "stop": 1636633116381, "uuid": "1d461c99-c1d2-4449-a2c3-a73d9d4e1eef", "historyId": "def0efb6400ef94f998ea839fa1e3a06", "testCaseId": "54c95930edbb6a8b0e5a17dd18169e1a", "fullName": "unit_tests.test_01.SlackTest#test_slack_notif", "labels": [{"name": "parentSuite", "value": "unit_tests"}, {"name": "suite", "value": "test_01"}, {"name": "subSuite", "value": "SlackTest"}, {"name": "host", "value": "prithoo-techvariable"}, {"name": "thread", "value": "21866-MainThread"}, {"name": "framework", "value": "pytest"}, {"name": "language", "value": "cpython3"}, {"name": "package", "value": "unit_tests.test_01"}]}