{"name": "test_slack_notif", "status": "failed", "statusDetails": {"message": "AssertionError: False is not true", "trace": "self = <DatabaseLoggerSQL.unit_tests.test_01.SlackTest testMethod=test_slack_notif>\n\n    @allure.severity(allure.severity_level.MINOR)\n    def test_slack_notif(self):\n        msg:str = 'this is from slack-test.'\n    \n        slack_01 = SlackNotifier()\n        passed_slack:str = slack_01.notification(msg)\n    \n>       self.assertTrue(passed_slack == 'ok')\nE       AssertionError: False is not true\n\nunit_tests/test_01.py:88: AssertionError"}, "attachments": [{"name": "stdout", "source": "40c0499f-8290-4857-ab5f-1c8c9d74ee33-attachment.txt", "type": "text/plain"}], "start": 1641206090941, "stop": 1641206091407, "uuid": "172be1ed-22f9-4d3c-90aa-5a00f518f7a2", "historyId": "def0efb6400ef94f998ea839fa1e3a06", "testCaseId": "54c95930edbb6a8b0e5a17dd18169e1a", "fullName": "unit_tests.test_01.SlackTest#test_slack_notif", "labels": [{"name": "severity", "value": "minor"}, {"name": "parentSuite", "value": "unit_tests"}, {"name": "suite", "value": "test_01"}, {"name": "subSuite", "value": "SlackTest"}, {"name": "host", "value": "prithoo-techvariable"}, {"name": "thread", "value": "36860-MainThread"}, {"name": "framework", "value": "pytest"}, {"name": "language", "value": "cpython3"}, {"name": "package", "value": "unit_tests.test_01"}]}