{"name": "test_slack_notif", "status": "failed", "statusDetails": {"message": "AssertionError: False is not true", "trace": "self = <DatabaseLoggerSQL.unit_tests.test_01.SlackTest testMethod=test_slack_notif>\n\n    @allure.severity(allure.severity_level.MINOR)\n    def test_slack_notif(self):\n        msg:str = 'this is from slack-test.'\n    \n        slack_01 = SlackNotifier()\n        passed_slack:str = slack_01.notification(msg)\n    \n>       self.assertTrue(passed_slack == 'ok')\nE       AssertionError: False is not true\n\nunit_tests/test_01.py:88: AssertionError"}, "attachments": [{"name": "stdout", "source": "21e1ee1d-21c9-436e-a47e-3844c2b0e55e-attachment.txt", "type": "text/plain"}], "start": 1641205721968, "stop": 1641205722396, "uuid": "ad6a62b7-a222-4fcf-9007-b2e2ce04bd82", "historyId": "def0efb6400ef94f998ea839fa1e3a06", "testCaseId": "54c95930edbb6a8b0e5a17dd18169e1a", "fullName": "unit_tests.test_01.SlackTest#test_slack_notif", "labels": [{"name": "severity", "value": "minor"}, {"name": "parentSuite", "value": "unit_tests"}, {"name": "suite", "value": "test_01"}, {"name": "subSuite", "value": "SlackTest"}, {"name": "host", "value": "prithoo-techvariable"}, {"name": "thread", "value": "35945-MainThread"}, {"name": "framework", "value": "pytest"}, {"name": "language", "value": "cpython3"}, {"name": "package", "value": "unit_tests.test_01"}]}